# QUERY STATS:
# - Query        : spark_query
# - Iterations   : 1
# - Table        : raw
# => Duration (s): 15.3683
shape: (12, 4)
┌──────────┬────────────┬────────────┬─────────┐
│ location ┆ year_month ┆ mean_value ┆ row_cnt │
│ ---      ┆ ---        ┆ ---        ┆ ---     │
│ str      ┆ str        ┆ f64        ┆ i64     │
╞══════════╪════════════╪════════════╪═════════╡
│ Lyon     ┆ 202401     ┆ 0.599939   ┆ 2142002 │
│ Lyon     ┆ 202402     ┆ 0.59989    ┆ 2005518 │
│ Lyon     ┆ 202403     ┆ 0.599754   ┆ 2143649 │
│ Lyon     ┆ 202404     ┆ 0.599754   ┆ 2072895 │
│ Lyon     ┆ 202405     ┆ 0.600247   ┆ 2142788 │
│ …        ┆ …          ┆ …          ┆ …       │
│ Lyon     ┆ 202408     ┆ 0.599813   ┆ 2142384 │
│ Lyon     ┆ 202409     ┆ 0.60023    ┆ 2073503 │
│ Lyon     ┆ 202410     ┆ 0.600177   ┆ 2141700 │
│ Lyon     ┆ 202411     ┆ 0.600124   ┆ 2073782 │
│ Lyon     ┆ 202412     ┆ 0.599962   ┆ 2141941 │
└──────────┴────────────┴────────────┴─────────┘

# QUERY STATS:
# - Query        : duckdb_query
# - Iterations   : 1
# - Table        : raw
# => Duration (s): 1.2078
shape: (12, 4)
┌──────────┬────────────┬────────────┬─────────┐
│ location ┆ year_month ┆ mean_value ┆ row_cnt │
│ ---      ┆ ---        ┆ ---        ┆ ---     │
│ str      ┆ str        ┆ f64        ┆ i64     │
╞══════════╪════════════╪════════════╪═════════╡
│ Lyon     ┆ 202401     ┆ 0.599939   ┆ 2142002 │
│ Lyon     ┆ 202402     ┆ 0.59989    ┆ 2005518 │
│ Lyon     ┆ 202403     ┆ 0.599754   ┆ 2143649 │
│ Lyon     ┆ 202404     ┆ 0.599754   ┆ 2072895 │
│ Lyon     ┆ 202405     ┆ 0.600247   ┆ 2142788 │
│ …        ┆ …          ┆ …          ┆ …       │
│ Lyon     ┆ 202408     ┆ 0.599813   ┆ 2142384 │
│ Lyon     ┆ 202409     ┆ 0.60023    ┆ 2073503 │
│ Lyon     ┆ 202410     ┆ 0.600177   ┆ 2141700 │
│ Lyon     ┆ 202411     ┆ 0.600124   ┆ 2073782 │
│ Lyon     ┆ 202412     ┆ 0.599962   ┆ 2141941 │
└──────────┴────────────┴────────────┴─────────┘

# QUERY STATS:
# - Query        : polars_eager_query
# - Iterations   : 1
# - Table        : raw
# => Duration (s): 9.1602
shape: (12, 4)
┌──────────┬────────────┬────────────┬─────────┐
│ location ┆ year_month ┆ mean_value ┆ len     │
│ ---      ┆ ---        ┆ ---        ┆ ---     │
│ str      ┆ str        ┆ f64        ┆ u32     │
╞══════════╪════════════╪════════════╪═════════╡
│ Lyon     ┆ 202401     ┆ 0.599939   ┆ 2142002 │
│ Lyon     ┆ 202402     ┆ 0.59989    ┆ 2005518 │
│ Lyon     ┆ 202403     ┆ 0.599754   ┆ 2143649 │
│ Lyon     ┆ 202404     ┆ 0.599754   ┆ 2072895 │
│ Lyon     ┆ 202405     ┆ 0.600247   ┆ 2142788 │
│ …        ┆ …          ┆ …          ┆ …       │
│ Lyon     ┆ 202408     ┆ 0.599813   ┆ 2142384 │
│ Lyon     ┆ 202409     ┆ 0.60023    ┆ 2073503 │
│ Lyon     ┆ 202410     ┆ 0.600177   ┆ 2141700 │
│ Lyon     ┆ 202411     ┆ 0.600124   ┆ 2073782 │
│ Lyon     ┆ 202412     ┆ 0.599962   ┆ 2141941 │
└──────────┴────────────┴────────────┴─────────┘

# QUERY STATS:
# - Query        : polars_lazy_query
# - Iterations   : 1
# - Table        : raw
# => Duration (s): 2.4369
shape: (12, 4)
┌──────────┬────────────┬────────────┬─────────┐
│ location ┆ year_month ┆ mean_value ┆ len     │
│ ---      ┆ ---        ┆ ---        ┆ ---     │
│ str      ┆ str        ┆ f64        ┆ u32     │
╞══════════╪════════════╪════════════╪═════════╡
│ Lyon     ┆ 202401     ┆ 0.599939   ┆ 2142002 │
│ Lyon     ┆ 202402     ┆ 0.59989    ┆ 2005518 │
│ Lyon     ┆ 202403     ┆ 0.599754   ┆ 2143649 │
│ Lyon     ┆ 202404     ┆ 0.599754   ┆ 2072895 │
│ Lyon     ┆ 202405     ┆ 0.600247   ┆ 2142788 │
│ …        ┆ …          ┆ …          ┆ …       │
│ Lyon     ┆ 202408     ┆ 0.599813   ┆ 2142384 │
│ Lyon     ┆ 202409     ┆ 0.60023    ┆ 2073503 │
│ Lyon     ┆ 202410     ┆ 0.600177   ┆ 2141700 │
│ Lyon     ┆ 202411     ┆ 0.600124   ┆ 2073782 │
│ Lyon     ┆ 202412     ┆ 0.599962   ┆ 2141941 │
└──────────┴────────────┴────────────┴─────────┘
